timestamp: 2018-10-06T09:05:34.236000
CREATE TABLE "auth_user"(
    "id" INTEGER PRIMARY KEY AUTOINCREMENT,
    "first_name" CHAR(128),
    "last_name" CHAR(128),
    "email" CHAR(512),
    "password" CHAR(512),
    "registration_key" CHAR(512),
    "reset_password_key" CHAR(512),
    "registration_id" CHAR(512)
);
success!
timestamp: 2018-10-06T09:05:34.405000
CREATE TABLE "auth_group"(
    "id" INTEGER PRIMARY KEY AUTOINCREMENT,
    "role" CHAR(512),
    "description" TEXT
);
success!
timestamp: 2018-10-06T09:05:34.527000
CREATE TABLE "auth_membership"(
    "id" INTEGER PRIMARY KEY AUTOINCREMENT,
    "user_id" INTEGER REFERENCES "auth_user" ("id") ON DELETE CASCADE  ,
    "group_id" INTEGER REFERENCES "auth_group" ("id") ON DELETE CASCADE  
);
success!
timestamp: 2018-10-06T09:05:34.681000
CREATE TABLE "auth_permission"(
    "id" INTEGER PRIMARY KEY AUTOINCREMENT,
    "group_id" INTEGER REFERENCES "auth_group" ("id") ON DELETE CASCADE  ,
    "name" CHAR(512),
    "table_name" CHAR(512),
    "record_id" INTEGER
);
success!
timestamp: 2018-10-06T09:05:34.822000
CREATE TABLE "auth_event"(
    "id" INTEGER PRIMARY KEY AUTOINCREMENT,
    "time_stamp" TIMESTAMP,
    "client_ip" CHAR(512),
    "user_id" INTEGER REFERENCES "auth_user" ("id") ON DELETE CASCADE  ,
    "origin" CHAR(512),
    "description" TEXT
);
success!
timestamp: 2018-10-06T09:05:34.953000
CREATE TABLE "auth_cas"(
    "id" INTEGER PRIMARY KEY AUTOINCREMENT,
    "user_id" INTEGER REFERENCES "auth_user" ("id") ON DELETE CASCADE  ,
    "created_on" TIMESTAMP,
    "service" CHAR(512),
    "ticket" CHAR(512),
    "renew" CHAR(1)
);
success!
timestamp: 2018-10-06T09:10:08.523000
CREATE TABLE "Add_Notes"(
    "id" INTEGER PRIMARY KEY AUTOINCREMENT,
    "db_title" CHAR(512),
    "db_notes" CHAR(512)
);
success!
timestamp: 2018-10-13T13:20:23.127000
CREATE TABLE "users"(
    "id" INTEGER PRIMARY KEY AUTOINCREMENT,
    "db_firstname" CHAR(512),
    "db_middlename" CHAR(512),
    "db_lastname" CHAR(512),
    "db_email" CHAR(512),
    "db_password" CHAR(512),
    "db_repassword" CHAR(512)
);
success!
timestamp: 2018-10-13T19:27:50.400000
CREATE TABLE "noteWriter"(
    "id" INTEGER PRIMARY KEY AUTOINCREMENT,
    "db_firstname" CHAR(512),
    "db_middlename" CHAR(512),
    "db_lastname" CHAR(512),
    "db_email" CHAR(512),
    "db_password" CHAR(512),
    "db_repassword" CHAR(512)
);
success!
timestamp: 2018-10-15T07:07:41.993000
ALTER TABLE "Add_NOTES" ADD "db_file" CHAR(512);
success!
